<?xml version="1.0" encoding="UTF-8"?>
<testsuite name="hashmap.repeated.word.LibraryTest" tests="1" skipped="0" failures="0" errors="0" timestamp="2021-11-08T13:59:59" hostname="LTUCSTUDENT-L08" time="0.029">
  <properties/>
  <testcase name="someLibraryMethodReturnsTrue()" classname="hashmap.repeated.word.LibraryTest" time="0.029"/>
  <system-out><![CDATA[]]></system-out>
  <system-err><![CDATA[]]></system-err>
</testsuite>
