<?xml version="1.0" encoding="UTF-8"?>
<testsuite name="merge.sort.LibraryTest" tests="3" skipped="0" failures="0" errors="0" timestamp="2021-11-01T18:44:05" hostname="LTUCSTUDENT-L08" time="0.03">
  <properties/>
  <testcase name="someLibraryMethodReturnsTrue()" classname="merge.sort.LibraryTest" time="0.021"/>
  <testcase name="testMergeSortEmptyArr()" classname="merge.sort.LibraryTest" time="0.006"/>
  <testcase name="testMergeSortNonEmptyArr()" classname="merge.sort.LibraryTest" time="0.001"/>
  <system-out><![CDATA[]]></system-out>
  <system-err><![CDATA[]]></system-err>
</testsuite>
