<?xml version="1.0" encoding="UTF-8"?>
<testsuite name="trees.BinaryTreeTest" tests="1" skipped="0" failures="0" errors="0" timestamp="2021-10-22T19:21:24" hostname="LTUCSTUDENT-L08" time="0.04">
  <properties/>
  <testcase name="breadthFirstOrderTreeTest()" classname="trees.BinaryTreeTest" time="0.04"/>
  <system-out><![CDATA[]]></system-out>
  <system-err><![CDATA[]]></system-err>
</testsuite>
