<?xml version="1.0" encoding="UTF-8"?>
<testsuite name="trees.BinaryTreeTest" tests="1" skipped="0" failures="0" errors="0" timestamp="2021-10-17T19:22:00" hostname="LTUCSTUDENT-L08" time="0.033">
  <properties/>
  <testcase name="emptyOrNotNumberTreeMaxValueTest()" classname="trees.BinaryTreeTest" time="0.033"/>
  <system-out><![CDATA[class java.lang.String cannot be cast to class java.lang.Number (java.lang.String and java.lang.Number are in module java.base of loader 'bootstrap')1127454461
class java.lang.String cannot be cast to class java.lang.Number (java.lang.String and java.lang.Number are in module java.base of loader 'bootstrap')1751953768
]]></system-out>
  <system-err><![CDATA[]]></system-err>
</testsuite>
