<?xml version="1.0" encoding="UTF-8"?>
<testsuite name="hashtable.LibraryTest" tests="1" skipped="0" failures="0" errors="0" timestamp="2021-11-12T01:58:25" hostname="LTUCSTUDENT-L08" time="0.023">
  <properties/>
  <testcase name="testLeftJoinEmptySecondTable()" classname="hashtable.LibraryTest" time="0.023"/>
  <system-out><![CDATA[]]></system-out>
  <system-err><![CDATA[]]></system-err>
</testsuite>
