<?xml version="1.0" encoding="UTF-8"?>
<testsuite name="quick.sort.LibraryTest" tests="3" skipped="0" failures="0" errors="0" timestamp="2021-11-03T08:03:24" hostname="LTUCSTUDENT-L08" time="0.094">
  <properties/>
  <testcase name="someLibraryMethodReturnsTrue()" classname="quick.sort.LibraryTest" time="0.076"/>
  <testcase name="testQuickSortNonEmptyArr()" classname="quick.sort.LibraryTest" time="0.012"/>
  <testcase name="testQuickSortEmptyArr()" classname="quick.sort.LibraryTest" time="0.002"/>
  <system-out><![CDATA[]]></system-out>
  <system-err><![CDATA[]]></system-err>
</testsuite>
