<?xml version="1.0" encoding="UTF-8"?>
<testsuite name="insertion.sort.LibraryTest" tests="3" skipped="0" failures="0" errors="0" timestamp="2021-11-02T04:38:12" hostname="LTUCSTUDENT-L08" time="0.028">
  <properties/>
  <testcase name="testInsertionSortNonEmptyArr()" classname="insertion.sort.LibraryTest" time="0.025"/>
  <testcase name="someLibraryMethodReturnsTrue()" classname="insertion.sort.LibraryTest" time="0.0"/>
  <testcase name="testInsertionSortEmptyArr()" classname="insertion.sort.LibraryTest" time="0.001"/>
  <system-out><![CDATA[]]></system-out>
  <system-err><![CDATA[]]></system-err>
</testsuite>
